0 info it worked if it ends with ok
1 verbose cli [ '/Users/lizhi/.nvm/versions/node/v6.0.0/bin/node',
1 verbose cli   '/Users/lizhi/.nvm/versions/node/v6.0.0/bin/npm',
1 verbose cli   'version',
1 verbose cli   'patch' ]
2 info using npm@3.10.3
3 info using node@v6.0.0
4 info git [ 'status', '--porcelain' ]
5 verbose stack Error: Git working directory not clean.
5 verbose stack M .babelrc
5 verbose stack M node_modules/ansi-regex/package.json
5 verbose stack M node_modules/ansi-styles/package.json
5 verbose stack M node_modules/chalk/package.json
5 verbose stack M node_modules/commander/package.json
5 verbose stack M node_modules/escape-string-regexp/package.json
5 verbose stack M node_modules/has-ansi/package.json
5 verbose stack M node_modules/humps/package.json
5 verbose stack M node_modules/minimist/package.json
5 verbose stack M node_modules/strip-ansi/package.json
5 verbose stack M node_modules/supports-color/package.json
5 verbose stack M npm-debug.log
5 verbose stack M package.json
5 verbose stack M src/cli/redux-generate.js
5 verbose stack M src/models/sub-command.js
5 verbose stack M src/sub-commands/generate.js
5 verbose stack M src/tasks/generate-from-blueprint.js
5 verbose stack M src/util/mixin.js
5 verbose stack     at /Users/lizhi/.nvm/versions/node/v6.0.0/lib/node_modules/npm/lib/version.js:247:19
5 verbose stack     at /Users/lizhi/.nvm/versions/node/v6.0.0/lib/node_modules/npm/lib/utils/no-progress-while-running.js:21:8
5 verbose stack     at ChildProcess.exithandler (child_process.js:193:7)
5 verbose stack     at emitTwo (events.js:106:13)
5 verbose stack     at ChildProcess.emit (events.js:191:7)
5 verbose stack     at maybeClose (internal/child_process.js:850:16)
5 verbose stack     at Socket.<anonymous> (internal/child_process.js:323:11)
5 verbose stack     at emitOne (events.js:96:13)
5 verbose stack     at Socket.emit (events.js:188:7)
5 verbose stack     at Pipe._handle.close [as _onclose] (net.js:485:12)
6 verbose cwd /Users/lizhi/LearnProjects/react-redux-cli
7 error Darwin 15.5.0
8 error argv "/Users/lizhi/.nvm/versions/node/v6.0.0/bin/node" "/Users/lizhi/.nvm/versions/node/v6.0.0/bin/npm" "version" "patch"
9 error node v6.0.0
10 error npm  v3.10.3
11 error Git working directory not clean.
11 error M .babelrc
11 error M node_modules/ansi-regex/package.json
11 error M node_modules/ansi-styles/package.json
11 error M node_modules/chalk/package.json
11 error M node_modules/commander/package.json
11 error M node_modules/escape-string-regexp/package.json
11 error M node_modules/has-ansi/package.json
11 error M node_modules/humps/package.json
11 error M node_modules/minimist/package.json
11 error M node_modules/strip-ansi/package.json
11 error M node_modules/supports-color/package.json
11 error M npm-debug.log
11 error M package.json
11 error M src/cli/redux-generate.js
11 error M src/models/sub-command.js
11 error M src/sub-commands/generate.js
11 error M src/tasks/generate-from-blueprint.js
11 error M src/util/mixin.js
12 error If you need help, you may report this error at:
12 error     <https://github.com/npm/npm/issues>
13 verbose exit [ 1, true ]
